<?xml version="1.0" encoding="UTF-8"?>
<testsuite name="aura_game.list.LinkedListTest" tests="4" skipped="0" failures="0" errors="0" timestamp="2023-09-03T14:26:24" hostname="ZENBOOK-QUENTIN" time="0.026">
  <properties/>
  <testcase name="testAdd()" classname="aura_game.list.LinkedListTest" time="0.017"/>
  <testcase name="testRemoveMissing()" classname="aura_game.list.LinkedListTest" time="0.002"/>
  <testcase name="testRemove()" classname="aura_game.list.LinkedListTest" time="0.001"/>
  <testcase name="testConstructor()" classname="aura_game.list.LinkedListTest" time="0.001"/>
  <system-out><![CDATA[]]></system-out>
  <system-err><![CDATA[]]></system-err>
</testsuite>
